<?xml version="1.0" encoding="UTF-8"?>
<testng-results skipped="0" failed="0" ignored="0" total="2" passed="2">
  <reporter-output>
  </reporter-output>
  <suite name="My Test Suite" duration-ms="733" started-at="2023-10-09T06:36:37Z" finished-at="2023-10-09T06:36:38Z">
    <groups>
    </groups>
    <test name="AllureUserCase" duration-ms="684" started-at="2023-10-09T06:36:37Z" finished-at="2023-10-09T06:36:37Z">
      <class name="com.demo.testcase.AllureUserCase">
        <test-method status="PASS" signature="setUp()[pri:0, instance:com.demo.testcase.AllureUserCase@166fa74d]" name="setUp" is-config="true" duration-ms="10" started-at="2023-10-09T06:36:37Z" finished-at="2023-10-09T06:36:37Z">
          <reporter-output>
          </reporter-output>
        </test-method> <!-- setUp -->
        <test-method status="PASS" signature="T1_Login()[pri:1, instance:com.demo.testcase.AllureUserCase@166fa74d]" name="T1_Login" duration-ms="601" started-at="2023-10-09T06:36:37Z" description="用户登录" finished-at="2023-10-09T06:36:37Z">
          <reporter-output>
          </reporter-output>
        </test-method> <!-- T1_Login -->
      </class> <!-- com.demo.testcase.AllureUserCase -->
    </test> <!-- AllureUserCase -->
    <test name="AllureBookCase" duration-ms="33" started-at="2023-10-09T06:36:37Z" finished-at="2023-10-09T06:36:38Z">
      <class name="com.demo.testcase.AllureBookCase">
        <test-method status="PASS" signature="setUp()[pri:0, instance:com.demo.testcase.AllureBookCase@282003e1]" name="setUp" is-config="true" duration-ms="16" started-at="2023-10-09T06:36:37Z" finished-at="2023-10-09T06:36:37Z">
          <reporter-output>
          </reporter-output>
        </test-method> <!-- setUp -->
        <test-method status="PASS" signature="T1_BookList()[pri:1, instance:com.demo.testcase.AllureBookCase@282003e1]" name="T1_BookList" duration-ms="14" started-at="2023-10-09T06:36:37Z" description="获取图书列表" finished-at="2023-10-09T06:36:38Z">
          <reporter-output>
          </reporter-output>
        </test-method> <!-- T1_BookList -->
      </class> <!-- com.demo.testcase.AllureBookCase -->
    </test> <!-- AllureBookCase -->
  </suite> <!-- My Test Suite -->
</testng-results>
